<?xml version="1.0" encoding="UTF-8"?>
<!-- Generated by org.testng.reporters.JUnitXMLReporter -->
<testsuite hostname="LAPTOP-5HNKGL8G" failures="0" tests="9" name="Surefire test" time="0.036" errors="0" timestamp="13 Jun 2024 13:56:29 GMT">
  <testcase classname="com.gahoccode.core.test.FibonacciCaculateDDTTest" name="testGetFibonacciGivenRightArgumentReturnWell" time="0.015"/>
  <testcase classname="com.gahoccode.core.test.FibonacciCaculateDDTTest" name="testGetFibonacciGivenRightArgumentReturnWell" time="0.001"/>
  <testcase classname="com.gahoccode.core.test.FibonacciCaculateDDTTest" name="testGetFibonacciGivenRightArgumentReturnWell" time="0.0"/>
  <testcase classname="com.gahoccode.core.test.FibonacciCaculateDDTTest" name="testGetFibonacciGivenRightArgumentReturnWell" time="0.0"/>
  <testcase classname="com.gahoccode.core.test.FibonacciCaculateDDTTest" name="testGetFibonacciGivenRightArgumentReturnWell" time="0.0"/>
  <testcase classname="com.gahoccode.core.test.FibonacciCaculateDDTTest" name="testGetFibonacciGivenRightArgumentReturnWell" time="0.0"/>
  <testcase classname="com.gahoccode.core.test.FibonacciCaculateDDTTest" name="testGetFibonacciGivenRightArgumentReturnWell" time="0.001"/>
  <testcase classname="com.gahoccode.core.test.FibonacciCaculateDDTTest" name="testGetFibonacciGivenRightArgumentReturnWell" time="0.0"/>
  <testcase classname="com.gahoccode.core.test.FibonacciCaculateDDTTest" name="testGetFibonacciGivenRightArgumentReturnWell" time="0.001"/>
</testsuite> <!-- Surefire test -->
