<?xml version="1.0" encoding="UTF-8"?>
<!-- Generated by org.testng.reporters.JUnitXMLReporter -->
<testsuite hostname="LAPTOP-5HNKGL8G" failures="0" tests="9" name="Surefire test" time="0.021" errors="0" timestamp="14 Jun 2024 22:59:38 GMT">
  <testcase classname="com.gahoccode.core.test.FibonacciCaculateDDTTest" name="testGetFibonacciGivenRightArgumentReturnWell" time="0.009"/>
  <testcase classname="com.gahoccode.core.test.FibonacciCaculateDDTTest" name="testGetFibonacciGivenRightArgumentReturnWell" time="0.0"/>
  <testcase classname="com.gahoccode.core.test.FibonacciCaculateDDTTest" name="testGetFibonacciGivenRightArgumentReturnWell" time="0.0"/>
  <testcase classname="com.gahoccode.core.test.FibonacciCaculateDDTTest" name="testGetFibonacciGivenRightArgumentReturnWell" time="0.0"/>
  <testcase classname="com.gahoccode.core.test.FibonacciCaculateDDTTest" name="testGetFibonacciGivenRightArgumentReturnWell" time="0.0"/>
  <testcase classname="com.gahoccode.core.test.FibonacciCaculateDDTTest" name="testGetFibonacciGivenRightArgumentReturnWell" time="0.0"/>
  <testcase classname="com.gahoccode.core.test.FibonacciCaculateDDTTest" name="testGetFibonacciGivenRightArgumentReturnWell" time="0.0"/>
  <testcase classname="com.gahoccode.core.test.FibonacciCaculateDDTTest" name="testGetFibonacciGivenRightArgumentReturnWell" time="0.001"/>
  <testcase classname="com.gahoccode.core.test.FibonacciCaculateDDTTest" name="testGetFibonacciGivenRightArgumentReturnWell" time="0.0"/>
</testsuite> <!-- Surefire test -->
