<?xml version="1.0" encoding="UTF-8"?>
<testng-results total="9" passed="9" failed="0" skipped="0">
  <reporter-output>
  </reporter-output>
  <suite started-at="2024-06-14T22:59:38Z" name="Surefire suite" finished-at="2024-06-14T22:59:38Z" duration-ms="21">
    <groups>
    </groups>
    <test started-at="2024-06-14T22:59:38Z" name="Surefire test" finished-at="2024-06-14T22:59:38Z" duration-ms="21">
      <class name="com.gahoccode.core.test.FibonacciCaculateDDTTest">
        <test-method signature="testGetFibonacciGivenRightArgumentReturnWell(int, long)[pri:0, instance:com.gahoccode.core.test.FibonacciCaculateDDTTest@5e955596]" started-at="2024-06-15T05:59:38Z" name="testGetFibonacciGivenRightArgumentReturnWell" data-provider="source" finished-at="2024-06-15T05:59:38Z" duration-ms="9" status="PASS">
          <params>
            <param index="0">
              <value>
                <![CDATA[0]]>
              </value>
            </param>
            <param index="1">
              <value>
                <![CDATA[0]]>
              </value>
            </param>
          </params>
          <reporter-output>
          </reporter-output>
        </test-method> <!-- testGetFibonacciGivenRightArgumentReturnWell -->
        <test-method signature="testGetFibonacciGivenRightArgumentReturnWell(int, long)[pri:0, instance:com.gahoccode.core.test.FibonacciCaculateDDTTest@5e955596]" started-at="2024-06-15T05:59:38Z" name="testGetFibonacciGivenRightArgumentReturnWell" data-provider="source" finished-at="2024-06-15T05:59:38Z" duration-ms="0" status="PASS">
          <params>
            <param index="0">
              <value>
                <![CDATA[1]]>
              </value>
            </param>
            <param index="1">
              <value>
                <![CDATA[1]]>
              </value>
            </param>
          </params>
          <reporter-output>
          </reporter-output>
        </test-method> <!-- testGetFibonacciGivenRightArgumentReturnWell -->
        <test-method signature="testGetFibonacciGivenRightArgumentReturnWell(int, long)[pri:0, instance:com.gahoccode.core.test.FibonacciCaculateDDTTest@5e955596]" started-at="2024-06-15T05:59:38Z" name="testGetFibonacciGivenRightArgumentReturnWell" data-provider="source" finished-at="2024-06-15T05:59:38Z" duration-ms="0" status="PASS">
          <params>
            <param index="0">
              <value>
                <![CDATA[3]]>
              </value>
            </param>
            <param index="1">
              <value>
                <![CDATA[2]]>
              </value>
            </param>
          </params>
          <reporter-output>
          </reporter-output>
        </test-method> <!-- testGetFibonacciGivenRightArgumentReturnWell -->
        <test-method signature="testGetFibonacciGivenRightArgumentReturnWell(int, long)[pri:0, instance:com.gahoccode.core.test.FibonacciCaculateDDTTest@5e955596]" started-at="2024-06-15T05:59:38Z" name="testGetFibonacciGivenRightArgumentReturnWell" data-provider="source" finished-at="2024-06-15T05:59:38Z" duration-ms="0" status="PASS">
          <params>
            <param index="0">
              <value>
                <![CDATA[2]]>
              </value>
            </param>
            <param index="1">
              <value>
                <![CDATA[1]]>
              </value>
            </param>
          </params>
          <reporter-output>
          </reporter-output>
        </test-method> <!-- testGetFibonacciGivenRightArgumentReturnWell -->
        <test-method signature="testGetFibonacciGivenRightArgumentReturnWell(int, long)[pri:0, instance:com.gahoccode.core.test.FibonacciCaculateDDTTest@5e955596]" started-at="2024-06-15T05:59:38Z" name="testGetFibonacciGivenRightArgumentReturnWell" data-provider="source" finished-at="2024-06-15T05:59:38Z" duration-ms="0" status="PASS">
          <params>
            <param index="0">
              <value>
                <![CDATA[6]]>
              </value>
            </param>
            <param index="1">
              <value>
                <![CDATA[8]]>
              </value>
            </param>
          </params>
          <reporter-output>
          </reporter-output>
        </test-method> <!-- testGetFibonacciGivenRightArgumentReturnWell -->
        <test-method signature="testGetFibonacciGivenRightArgumentReturnWell(int, long)[pri:0, instance:com.gahoccode.core.test.FibonacciCaculateDDTTest@5e955596]" started-at="2024-06-15T05:59:38Z" name="testGetFibonacciGivenRightArgumentReturnWell" data-provider="source" finished-at="2024-06-15T05:59:38Z" duration-ms="0" status="PASS">
          <params>
            <param index="0">
              <value>
                <![CDATA[4]]>
              </value>
            </param>
            <param index="1">
              <value>
                <![CDATA[3]]>
              </value>
            </param>
          </params>
          <reporter-output>
          </reporter-output>
        </test-method> <!-- testGetFibonacciGivenRightArgumentReturnWell -->
        <test-method signature="testGetFibonacciGivenRightArgumentReturnWell(int, long)[pri:0, instance:com.gahoccode.core.test.FibonacciCaculateDDTTest@5e955596]" started-at="2024-06-15T05:59:38Z" name="testGetFibonacciGivenRightArgumentReturnWell" data-provider="source" finished-at="2024-06-15T05:59:38Z" duration-ms="0" status="PASS">
          <params>
            <param index="0">
              <value>
                <![CDATA[5]]>
              </value>
            </param>
            <param index="1">
              <value>
                <![CDATA[5]]>
              </value>
            </param>
          </params>
          <reporter-output>
          </reporter-output>
        </test-method> <!-- testGetFibonacciGivenRightArgumentReturnWell -->
        <test-method signature="testGetFibonacciGivenRightArgumentReturnWell(int, long)[pri:0, instance:com.gahoccode.core.test.FibonacciCaculateDDTTest@5e955596]" started-at="2024-06-15T05:59:38Z" name="testGetFibonacciGivenRightArgumentReturnWell" data-provider="source" finished-at="2024-06-15T05:59:38Z" duration-ms="1" status="PASS">
          <params>
            <param index="0">
              <value>
                <![CDATA[7]]>
              </value>
            </param>
            <param index="1">
              <value>
                <![CDATA[13]]>
              </value>
            </param>
          </params>
          <reporter-output>
          </reporter-output>
        </test-method> <!-- testGetFibonacciGivenRightArgumentReturnWell -->
        <test-method signature="testGetFibonacciGivenRightArgumentReturnWell(int, long)[pri:0, instance:com.gahoccode.core.test.FibonacciCaculateDDTTest@5e955596]" started-at="2024-06-15T05:59:38Z" name="testGetFibonacciGivenRightArgumentReturnWell" data-provider="source" finished-at="2024-06-15T05:59:38Z" duration-ms="0" status="PASS">
          <params>
            <param index="0">
              <value>
                <![CDATA[8]]>
              </value>
            </param>
            <param index="1">
              <value>
                <![CDATA[21]]>
              </value>
            </param>
          </params>
          <reporter-output>
          </reporter-output>
        </test-method> <!-- testGetFibonacciGivenRightArgumentReturnWell -->
      </class> <!-- com.gahoccode.core.test.FibonacciCaculateDDTTest -->
    </test> <!-- Surefire test -->
  </suite> <!-- Surefire suite -->
</testng-results>
