<?xml version="1.0" encoding="UTF-8"?>
<testsuite xmlns:xsi="http://www.w3.org/2001/XMLSchema-instance" xsi:noNamespaceSchemaLocation="https://maven.apache.org/surefire/maven-surefire-plugin/xsd/surefire-test-report-3.0.xsd" version="3.0" name="TestSuite" time="0.258" tests="10" errors="0" skipped="0" failures="0">
  <properties>
[...]
</properties>
  <testcase name="testGetFibonacciGivenRightArgumentReturnWell[0, 0](1)" classname="com.gahoccode.core.test.FibonacciCaculateDDTTest" time="0.007"/>
  <testcase name="testGetFibonacciGivenRightArgumentReturnWell[1, 1](2)" classname="com.gahoccode.core.test.FibonacciCaculateDDTTest" time="0.0"/>
  <testcase name="testGetFibonacciGivenRightArgumentReturnWell[2, 1](3)" classname="com.gahoccode.core.test.FibonacciCaculateDDTTest" time="0.0"/>
  <testcase name="testGetFibonacciGivenRightArgumentReturnWell[3, 2](4)" classname="com.gahoccode.core.test.FibonacciCaculateDDTTest" time="0.0"/>
  <testcase name="testGetFibonacciGivenRightArgumentReturnWell[4, 3](5)" classname="com.gahoccode.core.test.FibonacciCaculateDDTTest" time="0.0"/>
  <testcase name="testGetFibonacciGivenRightArgumentReturnWell[5, 5](6)" classname="com.gahoccode.core.test.FibonacciCaculateDDTTest" time="0.0"/>
  <testcase name="testGetFibonacciGivenRightArgumentReturnWell[6, 8](7)" classname="com.gahoccode.core.test.FibonacciCaculateDDTTest" time="0.0"/>
  <testcase name="testGetFibonacciGivenRightArgumentReturnWell[7, 13](8)" classname="com.gahoccode.core.test.FibonacciCaculateDDTTest" time="0.0"/>
  <testcase name="testGetFibonacciGivenRightArgumentReturnWell[8, 21](9)" classname="com.gahoccode.core.test.FibonacciCaculateDDTTest" time="0.0"/>
  <testcase name="testGetFibonacciGivenWrongArg_1ThrowsException" classname="com.gahoccode.core.test.FibonacciCaculateTest" time="0.002"/>
</testsuite>